<?xml version="1.0" encoding="UTF-8"?>
<testsuite xmlns:xsi="http://www.w3.org/2001/XMLSchema-instance" xsi:noNamespaceSchemaLocation="https://maven.apache.org/surefire/maven-surefire-plugin/xsd/surefire-test-report-3.0.xsd" version="3.0" name="com.example.junitbasic.CalculatorTest" time="0.022" tests="5" errors="0" skipped="0" failures="0">
  <properties>
[...]
</properties>
  <testcase name="testDivideByZero" classname="com.example.junitbasic.CalculatorTest" time="0.009">
    <system-out><![CDATA[Before Each Test
After Each Test
]]></system-out>
  </testcase>
  <testcase name="testMultiplication" classname="com.example.junitbasic.CalculatorTest" time="0.0">
    <system-out><![CDATA[Before Each Test
After Each Test
]]></system-out>
  </testcase>
  <testcase name="testAddition" classname="com.example.junitbasic.CalculatorTest" time="0.0">
    <system-out><![CDATA[Before Each Test
After Each Test
]]></system-out>
  </testcase>
  <testcase name="testDivision" classname="com.example.junitbasic.CalculatorTest" time="0.0">
    <system-out><![CDATA[Before Each Test
After Each Test
]]></system-out>
  </testcase>
  <testcase name="testSubtraction" classname="com.example.junitbasic.CalculatorTest" time="0.009">
    <system-out><![CDATA[Before Each Test
After Each Test
]]></system-out>
  </testcase>
</testsuite>